[0.448s] DEBUG:colcon:Command line arguments: ['/usr/bin/colcon', 'build', '--packages-select', 'ds4']
[0.448s] DEBUG:colcon:Parsed command line arguments: Namespace(log_base=None, log_level=None, verb_name='build', build_base='build', install_base='install', merge_install=False, symlink_install=False, test_result_base=None, continue_on_error=False, executor='parallel', parallel_workers=16, event_handlers=None, ignore_user_meta=False, metas=['./colcon.meta'], base_paths=['.'], packages_ignore=None, packages_ignore_regex=None, paths=None, packages_up_to=None, packages_up_to_regex=None, packages_above=None, packages_above_and_dependencies=None, packages_above_depth=None, packages_select_by_dep=None, packages_skip_by_dep=None, packages_skip_up_to=None, packages_select_build_failed=False, packages_skip_build_finished=False, packages_select_test_failures=False, packages_skip_test_passed=False, packages_select=['ds4'], packages_skip=None, packages_select_regex=None, packages_skip_regex=None, packages_start=None, packages_end=None, allow_overriding=[], cmake_args=None, cmake_target=None, cmake_target_skip_unavailable=False, cmake_clean_cache=False, cmake_clean_first=False, cmake_force_configure=False, ament_cmake_args=None, catkin_cmake_args=None, catkin_skip_building_tests=False, verb_parser=<colcon_defaults.argument_parser.defaults.DefaultArgumentsDecorator object at 0x745a05962480>, verb_extension=<colcon_core.verb.build.BuildVerb object at 0x745a05a7afc0>, main=<bound method BuildVerb.main of <colcon_core.verb.build.BuildVerb object at 0x745a05a7afc0>>)
[0.532s] Level 1:colcon.colcon_core.package_discovery:discover_packages(colcon_meta) check parameters
[0.532s] Level 1:colcon.colcon_core.package_discovery:discover_packages(recursive) check parameters
[0.532s] Level 1:colcon.colcon_core.package_discovery:discover_packages(ignore) check parameters
[0.532s] Level 1:colcon.colcon_core.package_discovery:discover_packages(path) check parameters
[0.532s] Level 1:colcon.colcon_core.package_discovery:discover_packages(colcon_meta) discover
[0.532s] Level 1:colcon.colcon_core.package_discovery:discover_packages(recursive) discover
[0.532s] INFO:colcon.colcon_core.package_discovery:Crawling recursively for packages in '/home/tobbe/leader'
[0.532s] Level 1:colcon.colcon_core.package_identification:_identify(.) by extensions ['ignore', 'ignore_ament_install']
[0.533s] Level 1:colcon.colcon_core.package_identification:_identify(.) by extension 'ignore'
[0.533s] Level 1:colcon.colcon_core.package_identification:_identify(.) by extension 'ignore_ament_install'
[0.533s] Level 1:colcon.colcon_core.package_identification:_identify(.) by extensions ['colcon_pkg']
[0.533s] Level 1:colcon.colcon_core.package_identification:_identify(.) by extension 'colcon_pkg'
[0.533s] Level 1:colcon.colcon_core.package_identification:_identify(.) by extensions ['colcon_meta']
[0.533s] Level 1:colcon.colcon_core.package_identification:_identify(.) by extension 'colcon_meta'
[0.533s] Level 1:colcon.colcon_core.package_identification:_identify(.) by extensions ['ros']
[0.533s] Level 1:colcon.colcon_core.package_identification:_identify(.) by extension 'ros'
[0.574s] Level 1:colcon.colcon_core.package_identification:_identify(.) by extensions ['cmake', 'python']
[0.575s] Level 1:colcon.colcon_core.package_identification:_identify(.) by extension 'cmake'
[0.575s] Level 1:colcon.colcon_core.package_identification:_identify(.) by extension 'python'
[0.575s] Level 1:colcon.colcon_core.package_identification:_identify(.) by extensions ['python_setup_py']
[0.575s] Level 1:colcon.colcon_core.package_identification:_identify(.) by extension 'python_setup_py'
[0.575s] Level 1:colcon.colcon_core.package_identification:_identify(build) by extensions ['ignore', 'ignore_ament_install']
[0.575s] Level 1:colcon.colcon_core.package_identification:_identify(build) by extension 'ignore'
[0.575s] Level 1:colcon.colcon_core.package_identification:_identify(build) ignored
[0.575s] Level 1:colcon.colcon_core.package_identification:_identify(install) by extensions ['ignore', 'ignore_ament_install']
[0.575s] Level 1:colcon.colcon_core.package_identification:_identify(install) by extension 'ignore'
[0.575s] Level 1:colcon.colcon_core.package_identification:_identify(install) ignored
[0.575s] Level 1:colcon.colcon_core.package_identification:_identify(log) by extensions ['ignore', 'ignore_ament_install']
[0.576s] Level 1:colcon.colcon_core.package_identification:_identify(log) by extension 'ignore'
[0.576s] Level 1:colcon.colcon_core.package_identification:_identify(log) ignored
[0.576s] Level 1:colcon.colcon_core.package_identification:_identify(src) by extensions ['ignore', 'ignore_ament_install']
[0.576s] Level 1:colcon.colcon_core.package_identification:_identify(src) by extension 'ignore'
[0.576s] Level 1:colcon.colcon_core.package_identification:_identify(src) by extension 'ignore_ament_install'
[0.576s] Level 1:colcon.colcon_core.package_identification:_identify(src) by extensions ['colcon_pkg']
[0.576s] Level 1:colcon.colcon_core.package_identification:_identify(src) by extension 'colcon_pkg'
[0.576s] Level 1:colcon.colcon_core.package_identification:_identify(src) by extensions ['colcon_meta']
[0.576s] Level 1:colcon.colcon_core.package_identification:_identify(src) by extension 'colcon_meta'
[0.576s] Level 1:colcon.colcon_core.package_identification:_identify(src) by extensions ['ros']
[0.576s] Level 1:colcon.colcon_core.package_identification:_identify(src) by extension 'ros'
[0.576s] Level 1:colcon.colcon_core.package_identification:_identify(src) by extensions ['cmake', 'python']
[0.576s] Level 1:colcon.colcon_core.package_identification:_identify(src) by extension 'cmake'
[0.576s] Level 1:colcon.colcon_core.package_identification:_identify(src) by extension 'python'
[0.576s] Level 1:colcon.colcon_core.package_identification:_identify(src) by extensions ['python_setup_py']
[0.576s] Level 1:colcon.colcon_core.package_identification:_identify(src) by extension 'python_setup_py'
[0.576s] Level 1:colcon.colcon_core.package_identification:_identify(src/ds4) by extensions ['ignore', 'ignore_ament_install']
[0.577s] Level 1:colcon.colcon_core.package_identification:_identify(src/ds4) by extension 'ignore'
[0.577s] Level 1:colcon.colcon_core.package_identification:_identify(src/ds4) by extension 'ignore_ament_install'
[0.577s] Level 1:colcon.colcon_core.package_identification:_identify(src/ds4) by extensions ['colcon_pkg']
[0.577s] Level 1:colcon.colcon_core.package_identification:_identify(src/ds4) by extension 'colcon_pkg'
[0.577s] Level 1:colcon.colcon_core.package_identification:_identify(src/ds4) by extensions ['colcon_meta']
[0.577s] Level 1:colcon.colcon_core.package_identification:_identify(src/ds4) by extension 'colcon_meta'
[0.577s] Level 1:colcon.colcon_core.package_identification:_identify(src/ds4) by extensions ['ros']
[0.577s] Level 1:colcon.colcon_core.package_identification:_identify(src/ds4) by extension 'ros'
[0.582s] DEBUG:colcon.colcon_core.package_identification:Package 'src/ds4' with type 'ros.ament_python' and name 'ds4'
[0.582s] Level 1:colcon.colcon_core.package_discovery:discover_packages(recursive) using defaults
[0.582s] Level 1:colcon.colcon_core.package_discovery:discover_packages(ignore) discover
[0.582s] Level 1:colcon.colcon_core.package_discovery:discover_packages(ignore) using defaults
[0.582s] Level 1:colcon.colcon_core.package_discovery:discover_packages(path) discover
[0.582s] Level 1:colcon.colcon_core.package_discovery:discover_packages(path) using defaults
[0.617s] Level 1:colcon.colcon_core.package_discovery:discover_packages(prefix_path) check parameters
[0.617s] Level 1:colcon.colcon_core.package_discovery:discover_packages(prefix_path) discover
[0.620s] WARNING:colcon.colcon_core.prefix_path.colcon:The path '/home/tobbe/ds4_reader/install' in the environment variable COLCON_PREFIX_PATH doesn't exist
[0.620s] WARNING:colcon.colcon_ros.prefix_path.ament:The path '/home/tobbe/ds4_reader/install/ds4_reader' in the environment variable AMENT_PREFIX_PATH doesn't exist
[0.623s] DEBUG:colcon.colcon_installed_package_information.package_discovery:Found 285 installed packages in /opt/ros/jazzy
[0.625s] Level 1:colcon.colcon_core.package_discovery:discover_packages(prefix_path) using defaults
[0.668s] Level 5:colcon.colcon_core.verb:set package 'ds4' build argument 'cmake_args' from command line to 'None'
[0.668s] Level 5:colcon.colcon_core.verb:set package 'ds4' build argument 'cmake_target' from command line to 'None'
[0.669s] Level 5:colcon.colcon_core.verb:set package 'ds4' build argument 'cmake_target_skip_unavailable' from command line to 'False'
[0.669s] Level 5:colcon.colcon_core.verb:set package 'ds4' build argument 'cmake_clean_cache' from command line to 'False'
[0.669s] Level 5:colcon.colcon_core.verb:set package 'ds4' build argument 'cmake_clean_first' from command line to 'False'
[0.669s] Level 5:colcon.colcon_core.verb:set package 'ds4' build argument 'cmake_force_configure' from command line to 'False'
[0.669s] Level 5:colcon.colcon_core.verb:set package 'ds4' build argument 'ament_cmake_args' from command line to 'None'
[0.669s] Level 5:colcon.colcon_core.verb:set package 'ds4' build argument 'catkin_cmake_args' from command line to 'None'
[0.669s] Level 5:colcon.colcon_core.verb:set package 'ds4' build argument 'catkin_skip_building_tests' from command line to 'False'
[0.669s] DEBUG:colcon.colcon_core.verb:Building package 'ds4' with the following arguments: {'ament_cmake_args': None, 'build_base': '/home/tobbe/leader/build/ds4', 'catkin_cmake_args': None, 'catkin_skip_building_tests': False, 'cmake_args': None, 'cmake_clean_cache': False, 'cmake_clean_first': False, 'cmake_force_configure': False, 'cmake_target': None, 'cmake_target_skip_unavailable': False, 'install_base': '/home/tobbe/leader/install/ds4', 'merge_install': False, 'path': '/home/tobbe/leader/src/ds4', 'symlink_install': False, 'test_result_base': None}
[0.669s] INFO:colcon.colcon_core.executor:Executing jobs using 'parallel' executor
[0.670s] DEBUG:colcon.colcon_parallel_executor.executor.parallel:run_until_complete
[0.670s] INFO:colcon.colcon_ros.task.ament_python.build:Building ROS package in '/home/tobbe/leader/src/ds4' with build type 'ament_python'
[0.670s] Level 1:colcon.colcon_core.shell:create_environment_hook('ds4', 'ament_prefix_path')
[0.677s] INFO:colcon.colcon_core.plugin_system:Skipping extension 'colcon_core.shell.bat': Not used on non-Windows systems
[0.677s] INFO:colcon.colcon_core.shell:Creating environment hook '/home/tobbe/leader/install/ds4/share/ds4/hook/ament_prefix_path.ps1'
[0.678s] INFO:colcon.colcon_core.shell:Creating environment descriptor '/home/tobbe/leader/install/ds4/share/ds4/hook/ament_prefix_path.dsv'
[0.679s] INFO:colcon.colcon_core.shell:Creating environment hook '/home/tobbe/leader/install/ds4/share/ds4/hook/ament_prefix_path.sh'
[0.680s] INFO:colcon.colcon_core.shell:Skip shell extension 'powershell' for command environment: Not usable outside of PowerShell
[0.680s] DEBUG:colcon.colcon_core.shell:Skip shell extension 'dsv' for command environment
[0.913s] INFO:colcon.colcon_core.task.python.build:Building Python package in '/home/tobbe/leader/src/ds4'
[0.914s] INFO:colcon.colcon_core.shell:Skip shell extension 'powershell' for command environment: Not usable outside of PowerShell
[0.914s] DEBUG:colcon.colcon_core.shell:Skip shell extension 'dsv' for command environment
[1.913s] DEBUG:colcon.colcon_core.event_handler.log_command:Invoking command in '/home/tobbe/leader/src/ds4': PYTHONPATH=/home/tobbe/leader/build/ds4/prefix_override:/usr/lib/python3/dist-packages/colcon_core/task/python/colcon_distutils_commands:/home/tobbe/leader/install/ds4/lib/python3.12/site-packages:${PYTHONPATH} /usr/bin/python3 -W ignore:setup.py install is deprecated -W ignore:easy_install command is deprecated setup.py egg_info --egg-base ../../build/ds4 build --build-base /home/tobbe/leader/build/ds4/build install --record /home/tobbe/leader/build/ds4/install.log --single-version-externally-managed install_data
[2.469s] DEBUG:colcon.colcon_core.event_handler.log_command:Invoked command in '/home/tobbe/leader/src/ds4' returned '0': PYTHONPATH=/home/tobbe/leader/build/ds4/prefix_override:/usr/lib/python3/dist-packages/colcon_core/task/python/colcon_distutils_commands:/home/tobbe/leader/install/ds4/lib/python3.12/site-packages:${PYTHONPATH} /usr/bin/python3 -W ignore:setup.py install is deprecated -W ignore:easy_install command is deprecated setup.py egg_info --egg-base ../../build/ds4 build --build-base /home/tobbe/leader/build/ds4/build install --record /home/tobbe/leader/build/ds4/install.log --single-version-externally-managed install_data
[2.477s] Level 1:colcon.colcon_core.environment:checking '/home/tobbe/leader/install/ds4' for CMake module files
[2.477s] Level 1:colcon.colcon_core.environment:checking '/home/tobbe/leader/install/ds4' for CMake config files
[2.478s] Level 1:colcon.colcon_core.environment:checking '/home/tobbe/leader/install/ds4/lib'
[2.478s] Level 1:colcon.colcon_core.environment:checking '/home/tobbe/leader/install/ds4/bin'
[2.478s] Level 1:colcon.colcon_core.environment:checking '/home/tobbe/leader/install/ds4/lib/pkgconfig/ds4.pc'
[2.478s] Level 1:colcon.colcon_core.environment:checking '/home/tobbe/leader/install/ds4/lib/python3.12/site-packages'
[2.479s] Level 1:colcon.colcon_core.shell:create_environment_hook('ds4', 'pythonpath')
[2.479s] INFO:colcon.colcon_core.shell:Creating environment hook '/home/tobbe/leader/install/ds4/share/ds4/hook/pythonpath.ps1'
[2.479s] INFO:colcon.colcon_core.shell:Creating environment descriptor '/home/tobbe/leader/install/ds4/share/ds4/hook/pythonpath.dsv'
[2.480s] INFO:colcon.colcon_core.shell:Creating environment hook '/home/tobbe/leader/install/ds4/share/ds4/hook/pythonpath.sh'
[2.480s] Level 1:colcon.colcon_core.environment:checking '/home/tobbe/leader/install/ds4/bin'
[2.480s] Level 1:colcon.colcon_core.environment:create_environment_scripts_only(ds4)
[2.481s] INFO:colcon.colcon_core.shell:Creating package script '/home/tobbe/leader/install/ds4/share/ds4/package.ps1'
[2.482s] INFO:colcon.colcon_core.shell:Creating package descriptor '/home/tobbe/leader/install/ds4/share/ds4/package.dsv'
[2.482s] INFO:colcon.colcon_core.shell:Creating package script '/home/tobbe/leader/install/ds4/share/ds4/package.sh'
[2.483s] INFO:colcon.colcon_core.shell:Creating package script '/home/tobbe/leader/install/ds4/share/ds4/package.bash'
[2.484s] INFO:colcon.colcon_core.shell:Creating package script '/home/tobbe/leader/install/ds4/share/ds4/package.zsh'
[2.485s] Level 1:colcon.colcon_core.environment:create_file_with_runtime_dependencies(/home/tobbe/leader/install/ds4/share/colcon-core/packages/ds4)
[2.486s] DEBUG:colcon.colcon_parallel_executor.executor.parallel:closing loop
[2.486s] DEBUG:colcon.colcon_parallel_executor.executor.parallel:loop closed
[2.487s] DEBUG:colcon.colcon_parallel_executor.executor.parallel:run_until_complete finished with '0'
[2.487s] DEBUG:colcon.colcon_core.event_reactor:joining thread
[2.586s] INFO:colcon.colcon_core.plugin_system:Skipping extension 'colcon_notification.desktop_notification.notify_send': Could not find 'notify-send'
[2.586s] INFO:colcon.colcon_core.plugin_system:Skipping extension 'colcon_notification.desktop_notification.terminal_notifier': Not used on non-Darwin systems
[2.586s] INFO:colcon.colcon_core.plugin_system:Skipping extension 'colcon_notification.desktop_notification.win32': Not used on non-Windows systems
[2.586s] INFO:colcon.colcon_notification.desktop_notification:Sending desktop notification using 'notify2'
[2.589s] DEBUG:colcon.colcon_notification.desktop_notification.notify2:Failed to initialize notify2: org.freedesktop.DBus.Error.ServiceUnknown: The name org.freedesktop.Notifications was not provided by any .service files
[2.589s] DEBUG:colcon.colcon_core.event_reactor:joined thread
[2.589s] INFO:colcon.colcon_core.shell:Creating prefix script '/home/tobbe/leader/install/local_setup.ps1'
[2.590s] INFO:colcon.colcon_core.shell:Creating prefix util module '/home/tobbe/leader/install/_local_setup_util_ps1.py'
[2.592s] INFO:colcon.colcon_core.shell:Creating prefix chain script '/home/tobbe/leader/install/setup.ps1'
[2.593s] INFO:colcon.colcon_core.shell:Creating prefix script '/home/tobbe/leader/install/local_setup.sh'
[2.594s] INFO:colcon.colcon_core.shell:Creating prefix util module '/home/tobbe/leader/install/_local_setup_util_sh.py'
[2.594s] INFO:colcon.colcon_core.shell:Creating prefix chain script '/home/tobbe/leader/install/setup.sh'
[2.595s] INFO:colcon.colcon_core.shell:Creating prefix script '/home/tobbe/leader/install/local_setup.bash'
[2.596s] INFO:colcon.colcon_core.shell:Creating prefix chain script '/home/tobbe/leader/install/setup.bash'
[2.597s] INFO:colcon.colcon_core.shell:Creating prefix script '/home/tobbe/leader/install/local_setup.zsh'
[2.599s] INFO:colcon.colcon_core.shell:Creating prefix chain script '/home/tobbe/leader/install/setup.zsh'
