running egg_info
creating ../../build/ds4/ds4.egg-info
writing ../../build/ds4/ds4.egg-info/PKG-INFO
writing dependency_links to ../../build/ds4/ds4.egg-info/dependency_links.txt
writing requirements to ../../build/ds4/ds4.egg-info/requires.txt
writing top-level names to ../../build/ds4/ds4.egg-info/top_level.txt
writing manifest file '../../build/ds4/ds4.egg-info/SOURCES.txt'
reading manifest file '../../build/ds4/ds4.egg-info/SOURCES.txt'
adding license file 'LICENSE'
writing manifest file '../../build/ds4/ds4.egg-info/SOURCES.txt'
running build
running build_py
creating /home/tobbe/leader/build/ds4/build
creating /home/tobbe/leader/build/ds4/build/lib
creating /home/tobbe/leader/build/ds4/build/lib/ds4
copying ds4/__init__.py -> /home/tobbe/leader/build/ds4/build/lib/ds4
running install
running install_lib
creating /home/tobbe/leader/install/ds4/lib/python3.12/site-packages/ds4
copying /home/tobbe/leader/build/ds4/build/lib/ds4/__init__.py -> /home/tobbe/leader/install/ds4/lib/python3.12/site-packages/ds4
byte-compiling /home/tobbe/leader/install/ds4/lib/python3.12/site-packages/ds4/__init__.py to __init__.cpython-312.pyc
running install_data
creating /home/tobbe/leader/install/ds4/share/ament_index
creating /home/tobbe/leader/install/ds4/share/ament_index/resource_index
creating /home/tobbe/leader/install/ds4/share/ament_index/resource_index/packages
copying resource/ds4 -> /home/tobbe/leader/install/ds4/share/ament_index/resource_index/packages
copying package.xml -> /home/tobbe/leader/install/ds4/share/ds4
running install_egg_info
Copying ../../build/ds4/ds4.egg-info to /home/tobbe/leader/install/ds4/lib/python3.12/site-packages/ds4-0.0.0-py3.12.egg-info
running install_scripts
writing list of installed files to '/home/tobbe/leader/build/ds4/install.log'
