running egg_info
writing ../../build/ds4/ds4.egg-info/PKG-INFO
writing dependency_links to ../../build/ds4/ds4.egg-info/dependency_links.txt
writing entry points to ../../build/ds4/ds4.egg-info/entry_points.txt
writing requirements to ../../build/ds4/ds4.egg-info/requires.txt
writing top-level names to ../../build/ds4/ds4.egg-info/top_level.txt
reading manifest file '../../build/ds4/ds4.egg-info/SOURCES.txt'
adding license file 'LICENSE'
writing manifest file '../../build/ds4/ds4.egg-info/SOURCES.txt'
running build
running build_py
copying ds4/controller_print.py -> /home/tobbe/leader/build/ds4/build/lib/ds4
running install
running install_lib
copying /home/tobbe/leader/build/ds4/build/lib/ds4/controller_print.py -> /home/tobbe/leader/install/ds4/lib/python3.12/site-packages/ds4
byte-compiling /home/tobbe/leader/install/ds4/lib/python3.12/site-packages/ds4/controller_print.py to controller_print.cpython-312.pyc
running install_data
running install_egg_info
removing '/home/tobbe/leader/install/ds4/lib/python3.12/site-packages/ds4-0.0.0-py3.12.egg-info' (and everything under it)
Copying ../../build/ds4/ds4.egg-info to /home/tobbe/leader/install/ds4/lib/python3.12/site-packages/ds4-0.0.0-py3.12.egg-info
running install_scripts
Installing ds4_print script to /home/tobbe/leader/install/ds4/lib/ds4
writing list of installed files to '/home/tobbe/leader/build/ds4/install.log'
